[0.961s] DEBUG:colcon:Command line arguments: ['/usr/bin/colcon', 'build', '--symlink-install']
[0.962s] DEBUG:colcon:Parsed command line arguments: Namespace(log_base=None, log_level=None, verb_name='build', build_base='build', install_base='install', merge_install=False, symlink_install=True, test_result_base=None, continue_on_error=False, executor='parallel', parallel_workers=4, event_handlers=None, ignore_user_meta=False, metas=['./colcon.meta'], base_paths=['.'], packages_ignore=None, packages_ignore_regex=None, paths=None, packages_up_to=None, packages_up_to_regex=None, packages_above=None, packages_above_and_dependencies=None, packages_above_depth=None, packages_select_by_dep=None, packages_skip_by_dep=None, packages_skip_up_to=None, packages_select_build_failed=False, packages_skip_build_finished=False, packages_select_test_failures=False, packages_skip_test_passed=False, packages_select=None, packages_skip=None, packages_select_regex=None, packages_skip_regex=None, packages_start=None, packages_end=None, cmake_args=None, cmake_target=None, cmake_target_skip_unavailable=False, cmake_clean_cache=False, cmake_clean_first=False, cmake_force_configure=False, ament_cmake_args=None, catkin_cmake_args=None, catkin_skip_building_tests=False, mixin_files=None, mixin=None, verb_parser=<colcon_mixin.mixin.mixin_argument.MixinArgumentDecorator object at 0x7fa9525a80>, verb_extension=<colcon_core.verb.build.BuildVerb object at 0x7fa97d4430>, main=<bound method BuildVerb.main of <colcon_core.verb.build.BuildVerb object at 0x7fa97d4430>>, mixin_verb=('build',))
[1.006s] Level 1:colcon.colcon_core.package_discovery:discover_packages(colcon_meta) check parameters
[1.006s] Level 1:colcon.colcon_core.package_discovery:discover_packages(recursive) check parameters
[1.006s] Level 1:colcon.colcon_core.package_discovery:discover_packages(ignore) check parameters
[1.006s] Level 1:colcon.colcon_core.package_discovery:discover_packages(path) check parameters
[1.006s] Level 1:colcon.colcon_core.package_discovery:discover_packages(colcon_meta) discover
[1.006s] Level 1:colcon.colcon_core.package_discovery:discover_packages(recursive) discover
[1.006s] INFO:colcon.colcon_core.package_discovery:Crawling recursively for packages in '/robot_ws/src/goal_bot'
[1.007s] Level 1:colcon.colcon_core.package_identification:_identify(.) by extensions ['ignore', 'ignore_ament_install']
[1.007s] Level 1:colcon.colcon_core.package_identification:_identify(.) by extension 'ignore'
[1.007s] Level 1:colcon.colcon_core.package_identification:_identify(.) by extension 'ignore_ament_install'
[1.007s] Level 1:colcon.colcon_core.package_identification:_identify(.) by extensions ['colcon_pkg']
[1.007s] Level 1:colcon.colcon_core.package_identification:_identify(.) by extension 'colcon_pkg'
[1.007s] Level 1:colcon.colcon_core.package_identification:_identify(.) by extensions ['colcon_meta']
[1.007s] Level 1:colcon.colcon_core.package_identification:_identify(.) by extension 'colcon_meta'
[1.007s] Level 1:colcon.colcon_core.package_identification:_identify(.) by extensions ['ros']
[1.007s] Level 1:colcon.colcon_core.package_identification:_identify(.) by extension 'ros'
[1.025s] DEBUG:colcon.colcon_core.package_identification:Package '.' with type 'ros.ament_cmake' and name 'goal_bot'
[1.026s] Level 1:colcon.colcon_core.package_discovery:discover_packages(recursive) using defaults
[1.026s] Level 1:colcon.colcon_core.package_discovery:discover_packages(ignore) discover
[1.026s] Level 1:colcon.colcon_core.package_discovery:discover_packages(ignore) using defaults
[1.026s] Level 1:colcon.colcon_core.package_discovery:discover_packages(path) discover
[1.026s] Level 1:colcon.colcon_core.package_discovery:discover_packages(path) using defaults
[1.093s] Level 5:colcon.colcon_core.verb:set package 'goal_bot' build argument 'cmake_args' from command line to 'None'
[1.093s] Level 5:colcon.colcon_core.verb:set package 'goal_bot' build argument 'cmake_target' from command line to 'None'
[1.093s] Level 5:colcon.colcon_core.verb:set package 'goal_bot' build argument 'cmake_target_skip_unavailable' from command line to 'False'
[1.093s] Level 5:colcon.colcon_core.verb:set package 'goal_bot' build argument 'cmake_clean_cache' from command line to 'False'
[1.093s] Level 5:colcon.colcon_core.verb:set package 'goal_bot' build argument 'cmake_clean_first' from command line to 'False'
[1.093s] Level 5:colcon.colcon_core.verb:set package 'goal_bot' build argument 'cmake_force_configure' from command line to 'False'
[1.093s] Level 5:colcon.colcon_core.verb:set package 'goal_bot' build argument 'ament_cmake_args' from command line to 'None'
[1.093s] Level 5:colcon.colcon_core.verb:set package 'goal_bot' build argument 'catkin_cmake_args' from command line to 'None'
[1.094s] Level 5:colcon.colcon_core.verb:set package 'goal_bot' build argument 'catkin_skip_building_tests' from command line to 'False'
[1.094s] DEBUG:colcon.colcon_core.verb:Building package 'goal_bot' with the following arguments: {'ament_cmake_args': None, 'build_base': '/robot_ws/src/goal_bot/build/goal_bot', 'catkin_cmake_args': None, 'catkin_skip_building_tests': False, 'cmake_args': None, 'cmake_clean_cache': False, 'cmake_clean_first': False, 'cmake_force_configure': False, 'cmake_target': None, 'cmake_target_skip_unavailable': False, 'install_base': '/robot_ws/src/goal_bot/install/goal_bot', 'merge_install': False, 'path': '/robot_ws/src/goal_bot', 'symlink_install': True, 'test_result_base': None}
[1.104s] INFO:colcon.colcon_core.executor:Executing jobs using 'parallel' executor
[1.115s] DEBUG:colcon.colcon_parallel_executor.executor.parallel:run_until_complete
[1.115s] INFO:colcon.colcon_ros.task.ament_cmake.build:Building ROS package in '/robot_ws/src/goal_bot' with build type 'ament_cmake'
[1.115s] INFO:colcon.colcon_cmake.task.cmake.build:Building CMake package in '/robot_ws/src/goal_bot'
[1.132s] INFO:colcon.colcon_core.plugin_system:Skipping extension 'colcon_core.shell.bat': Not used on non-Windows systems
[1.133s] INFO:colcon.colcon_core.shell:Skip shell extension 'powershell' for command environment: Not usable outside of PowerShell
[1.133s] DEBUG:colcon.colcon_core.shell:Skip shell extension 'dsv' for command environment
[1.177s] DEBUG:colcon.colcon_core.event_handler.log_command:Invoking command in '/robot_ws/src/goal_bot/build/goal_bot': CMAKE_PREFIX_PATH=${CMAKE_PREFIX_PATH}:/robot_ws/install/serial_motor_demo:/robot_ws/install/create3_teleop:/robot_ws/install/create3_examples_py:/opt/ros/humble /usr/bin/cmake /robot_ws/src/goal_bot -DAMENT_CMAKE_SYMLINK_INSTALL=1 -DCMAKE_INSTALL_PREFIX=/robot_ws/src/goal_bot/install/goal_bot
[2.090s] DEBUG:colcon.colcon_core.event_handler.log_command:Invoked command in '/robot_ws/src/goal_bot/build/goal_bot' returned '0': CMAKE_PREFIX_PATH=${CMAKE_PREFIX_PATH}:/robot_ws/install/serial_motor_demo:/robot_ws/install/create3_teleop:/robot_ws/install/create3_examples_py:/opt/ros/humble /usr/bin/cmake /robot_ws/src/goal_bot -DAMENT_CMAKE_SYMLINK_INSTALL=1 -DCMAKE_INSTALL_PREFIX=/robot_ws/src/goal_bot/install/goal_bot
[2.092s] DEBUG:colcon.colcon_core.event_handler.log_command:Invoking command in '/robot_ws/src/goal_bot/build/goal_bot': CMAKE_PREFIX_PATH=${CMAKE_PREFIX_PATH}:/robot_ws/install/serial_motor_demo:/robot_ws/install/create3_teleop:/robot_ws/install/create3_examples_py:/opt/ros/humble /usr/bin/cmake --build /robot_ws/src/goal_bot/build/goal_bot -- -j4 -l4
[2.138s] DEBUG:colcon.colcon_core.event_handler.log_command:Invoked command in '/robot_ws/src/goal_bot/build/goal_bot' returned '0': CMAKE_PREFIX_PATH=${CMAKE_PREFIX_PATH}:/robot_ws/install/serial_motor_demo:/robot_ws/install/create3_teleop:/robot_ws/install/create3_examples_py:/opt/ros/humble /usr/bin/cmake --build /robot_ws/src/goal_bot/build/goal_bot -- -j4 -l4
[2.175s] DEBUG:colcon.colcon_core.event_handler.log_command:Invoking command in '/robot_ws/src/goal_bot/build/goal_bot': CMAKE_PREFIX_PATH=${CMAKE_PREFIX_PATH}:/robot_ws/install/serial_motor_demo:/robot_ws/install/create3_teleop:/robot_ws/install/create3_examples_py:/opt/ros/humble /usr/bin/cmake --install /robot_ws/src/goal_bot/build/goal_bot
[2.597s] Level 1:colcon.colcon_core.environment:create_environment_scripts_only(goal_bot)
[2.597s] DEBUG:colcon.colcon_core.event_handler.log_command:Invoked command in '/robot_ws/src/goal_bot/build/goal_bot' returned '0': CMAKE_PREFIX_PATH=${CMAKE_PREFIX_PATH}:/robot_ws/install/serial_motor_demo:/robot_ws/install/create3_teleop:/robot_ws/install/create3_examples_py:/opt/ros/humble /usr/bin/cmake --install /robot_ws/src/goal_bot/build/goal_bot
[2.611s] Level 1:colcon.colcon_core.environment:checking '/robot_ws/src/goal_bot/install/goal_bot' for CMake module files
[2.611s] Level 1:colcon.colcon_core.environment:checking '/robot_ws/src/goal_bot/install/goal_bot' for CMake config files
[2.611s] Level 1:colcon.colcon_core.shell:create_environment_hook('goal_bot', 'cmake_prefix_path')
[2.623s] INFO:colcon.colcon_core.shell:Creating environment hook '/robot_ws/src/goal_bot/install/goal_bot/share/goal_bot/hook/cmake_prefix_path.ps1'
[2.624s] INFO:colcon.colcon_core.shell:Creating environment descriptor '/robot_ws/src/goal_bot/install/goal_bot/share/goal_bot/hook/cmake_prefix_path.dsv'
[2.624s] INFO:colcon.colcon_core.shell:Creating environment hook '/robot_ws/src/goal_bot/install/goal_bot/share/goal_bot/hook/cmake_prefix_path.sh'
[2.625s] Level 1:colcon.colcon_core.environment:checking '/robot_ws/src/goal_bot/install/goal_bot/bin'
[2.625s] Level 1:colcon.colcon_core.environment:checking '/robot_ws/src/goal_bot/install/goal_bot/lib/pkgconfig/goal_bot.pc'
[2.628s] Level 1:colcon.colcon_core.environment:checking '/robot_ws/src/goal_bot/install/goal_bot/lib/python3.10/site-packages'
[2.628s] Level 1:colcon.colcon_core.environment:checking '/robot_ws/src/goal_bot/install/goal_bot/bin'
[2.639s] INFO:colcon.colcon_core.shell:Creating package script '/robot_ws/src/goal_bot/install/goal_bot/share/goal_bot/package.ps1'
[2.640s] INFO:colcon.colcon_core.shell:Creating package descriptor '/robot_ws/src/goal_bot/install/goal_bot/share/goal_bot/package.dsv'
[2.640s] INFO:colcon.colcon_core.shell:Creating package script '/robot_ws/src/goal_bot/install/goal_bot/share/goal_bot/package.sh'
[2.641s] INFO:colcon.colcon_core.shell:Creating package script '/robot_ws/src/goal_bot/install/goal_bot/share/goal_bot/package.bash'
[2.642s] INFO:colcon.colcon_core.shell:Creating package script '/robot_ws/src/goal_bot/install/goal_bot/share/goal_bot/package.zsh'
[2.642s] Level 1:colcon.colcon_core.environment:create_file_with_runtime_dependencies(/robot_ws/src/goal_bot/install/goal_bot/share/colcon-core/packages/goal_bot)
[2.680s] Level 1:colcon.colcon_core.environment:create_environment_scripts_only(goal_bot)
[2.690s] Level 1:colcon.colcon_core.environment:checking '/robot_ws/src/goal_bot/install/goal_bot' for CMake module files
[2.691s] Level 1:colcon.colcon_core.environment:checking '/robot_ws/src/goal_bot/install/goal_bot' for CMake config files
[2.691s] Level 1:colcon.colcon_core.shell:create_environment_hook('goal_bot', 'cmake_prefix_path')
[2.701s] INFO:colcon.colcon_core.shell:Creating environment hook '/robot_ws/src/goal_bot/install/goal_bot/share/goal_bot/hook/cmake_prefix_path.ps1'
[2.702s] INFO:colcon.colcon_core.shell:Creating environment descriptor '/robot_ws/src/goal_bot/install/goal_bot/share/goal_bot/hook/cmake_prefix_path.dsv'
[2.702s] INFO:colcon.colcon_core.shell:Creating environment hook '/robot_ws/src/goal_bot/install/goal_bot/share/goal_bot/hook/cmake_prefix_path.sh'
[2.703s] Level 1:colcon.colcon_core.environment:checking '/robot_ws/src/goal_bot/install/goal_bot/bin'
[2.703s] Level 1:colcon.colcon_core.environment:checking '/robot_ws/src/goal_bot/install/goal_bot/lib/pkgconfig/goal_bot.pc'
[2.703s] Level 1:colcon.colcon_core.environment:checking '/robot_ws/src/goal_bot/install/goal_bot/lib/python3.10/site-packages'
[2.703s] Level 1:colcon.colcon_core.environment:checking '/robot_ws/src/goal_bot/install/goal_bot/bin'
[2.714s] INFO:colcon.colcon_core.shell:Creating package script '/robot_ws/src/goal_bot/install/goal_bot/share/goal_bot/package.ps1'
[2.715s] INFO:colcon.colcon_core.shell:Creating package descriptor '/robot_ws/src/goal_bot/install/goal_bot/share/goal_bot/package.dsv'
[2.715s] INFO:colcon.colcon_core.shell:Creating package script '/robot_ws/src/goal_bot/install/goal_bot/share/goal_bot/package.sh'
[2.716s] INFO:colcon.colcon_core.shell:Creating package script '/robot_ws/src/goal_bot/install/goal_bot/share/goal_bot/package.bash'
[2.716s] INFO:colcon.colcon_core.shell:Creating package script '/robot_ws/src/goal_bot/install/goal_bot/share/goal_bot/package.zsh'
[2.716s] Level 1:colcon.colcon_core.environment:create_file_with_runtime_dependencies(/robot_ws/src/goal_bot/install/goal_bot/share/colcon-core/packages/goal_bot)
[2.717s] DEBUG:colcon.colcon_parallel_executor.executor.parallel:closing loop
[2.717s] DEBUG:colcon.colcon_parallel_executor.executor.parallel:loop closed
[2.718s] DEBUG:colcon.colcon_parallel_executor.executor.parallel:run_until_complete finished with '0'
[2.718s] DEBUG:colcon.colcon_core.event_reactor:joining thread
[2.743s] INFO:colcon.colcon_core.plugin_system:Skipping extension 'colcon_notification.desktop_notification.notify_send': Could not find 'notify-send'
[2.743s] INFO:colcon.colcon_core.plugin_system:Skipping extension 'colcon_notification.desktop_notification.terminal_notifier': Not used on non-Darwin systems
[2.743s] INFO:colcon.colcon_core.plugin_system:Skipping extension 'colcon_notification.desktop_notification.win32': Not used on non-Windows systems
[2.744s] INFO:colcon.colcon_notification.desktop_notification:Sending desktop notification using 'notify2'
[2.747s] DEBUG:colcon.colcon_notification.desktop_notification.notify2:Failed to initialize notify2: org.freedesktop.DBus.Error.Spawn.ExecFailed: /usr/bin/dbus-launch terminated abnormally without any error message
[2.747s] DEBUG:colcon.colcon_core.event_reactor:joined thread
[2.762s] INFO:colcon.colcon_core.shell:Creating prefix script '/robot_ws/src/goal_bot/install/local_setup.ps1'
[2.764s] INFO:colcon.colcon_core.shell:Creating prefix util module '/robot_ws/src/goal_bot/install/_local_setup_util_ps1.py'
[2.765s] INFO:colcon.colcon_core.shell:Creating prefix chain script '/robot_ws/src/goal_bot/install/setup.ps1'
[2.778s] INFO:colcon.colcon_core.shell:Creating prefix script '/robot_ws/src/goal_bot/install/local_setup.sh'
[2.779s] INFO:colcon.colcon_core.shell:Creating prefix util module '/robot_ws/src/goal_bot/install/_local_setup_util_sh.py'
[2.779s] INFO:colcon.colcon_core.shell:Creating prefix chain script '/robot_ws/src/goal_bot/install/setup.sh'
[2.791s] INFO:colcon.colcon_core.shell:Creating prefix script '/robot_ws/src/goal_bot/install/local_setup.bash'
[2.791s] INFO:colcon.colcon_core.shell:Creating prefix chain script '/robot_ws/src/goal_bot/install/setup.bash'
[2.803s] INFO:colcon.colcon_core.shell:Creating prefix script '/robot_ws/src/goal_bot/install/local_setup.zsh'
[2.804s] INFO:colcon.colcon_core.shell:Creating prefix chain script '/robot_ws/src/goal_bot/install/setup.zsh'
