[0.000000] (-) TimerEvent: {}
[0.000554] (goal_bot) JobQueued: {'identifier': 'goal_bot', 'dependencies': OrderedDict()}
[0.000898] (goal_bot) JobStarted: {'identifier': 'goal_bot'}
[0.063604] (goal_bot) JobProgress: {'identifier': 'goal_bot', 'progress': 'cmake'}
[0.064418] (goal_bot) JobProgress: {'identifier': 'goal_bot', 'progress': 'build'}
[0.065197] (goal_bot) Command: {'cmd': ['/usr/bin/cmake', '--build', '/robot_ws/src/goal_bot/build/goal_bot', '--', '-j4', '-l4'], 'cwd': '/robot_ws/src/goal_bot/build/goal_bot', 'env': OrderedDict([('HOSTNAME', 'applepie'), ('SHLVL', '1'), ('LD_LIBRARY_PATH', '/robot_ws/install/serial_motor_demo_msgs/lib:/robot_ws/install/diffdrive_arduino/lib:/robot_ws/install/serial/lib:/robot_ws/install/create3_examples_msgs/lib:/opt/ros/humble/opt/rviz_ogre_vendor/lib:/opt/ros/humble/lib/aarch64-linux-gnu:/opt/ros/humble/lib'), ('HOME', '/home/ros'), ('OLDPWD', '/robot_ws/src/goal_bot/launch'), ('ROS_PYTHON_VERSION', '3'), ('COLCON_PREFIX_PATH', '/robot_ws/install'), ('ROS_DISTRO', 'humble'), ('_', '/usr/bin/colcon'), ('ROS_VERSION', '2'), ('TERM', 'xterm'), ('ROS_LOCALHOST_ONLY', '0'), ('PATH', '/opt/ros/humble/bin:/usr/local/sbin:/usr/local/bin:/usr/sbin:/usr/bin:/sbin:/bin'), ('DISPLAY', ':0'), ('LANG', 'C.UTF-8'), ('AMENT_PREFIX_PATH', '/robot_ws/install/serial_motor_demo:/robot_ws/install/serial_motor_demo_msgs:/robot_ws/install/diffdrive_arduino:/robot_ws/install/serial:/robot_ws/install/goal_bot:/robot_ws/install/create3_teleop:/robot_ws/install/create3_lidar_slam:/robot_ws/install/create3_examples_py:/robot_ws/install/create3_examples_msgs:/opt/ros/humble'), ('PWD', '/robot_ws/src/goal_bot/build/goal_bot'), ('LC_ALL', 'C.UTF-8'), ('PYTHONPATH', '/robot_ws/build/serial_motor_demo:/robot_ws/install/serial_motor_demo/lib/python3.10/site-packages:/robot_ws/install/serial_motor_demo_msgs/local/lib/python3.10/dist-packages:/robot_ws/build/create3_teleop:/robot_ws/install/create3_teleop/lib/python3.10/site-packages:/robot_ws/build/create3_examples_py:/robot_ws/install/create3_examples_py/lib/python3.10/site-packages:/robot_ws/install/create3_examples_msgs/local/lib/python3.10/dist-packages:/opt/ros/humble/lib/python3.10/site-packages:/opt/ros/humble/local/lib/python3.10/dist-packages'), ('COLCON', '1'), ('CMAKE_PREFIX_PATH', '/robot_ws/install/serial_motor_demo_msgs:/robot_ws/install/diffdrive_arduino:/robot_ws/install/serial:/robot_ws/install/goal_bot:/robot_ws/install/create3_lidar_slam:/robot_ws/install/create3_examples_msgs:/robot_ws/install/serial_motor_demo:/robot_ws/install/create3_teleop:/robot_ws/install/create3_examples_py:/opt/ros/humble')]), 'shell': False}
[0.099679] (-) TimerEvent: {}
[0.118909] (goal_bot) CommandEnded: {'returncode': 0}
[0.147896] (goal_bot) JobProgress: {'identifier': 'goal_bot', 'progress': 'install'}
[0.158432] (goal_bot) Command: {'cmd': ['/usr/bin/cmake', '--install', '/robot_ws/src/goal_bot/build/goal_bot'], 'cwd': '/robot_ws/src/goal_bot/build/goal_bot', 'env': OrderedDict([('HOSTNAME', 'applepie'), ('SHLVL', '1'), ('LD_LIBRARY_PATH', '/robot_ws/install/serial_motor_demo_msgs/lib:/robot_ws/install/diffdrive_arduino/lib:/robot_ws/install/serial/lib:/robot_ws/install/create3_examples_msgs/lib:/opt/ros/humble/opt/rviz_ogre_vendor/lib:/opt/ros/humble/lib/aarch64-linux-gnu:/opt/ros/humble/lib'), ('HOME', '/home/ros'), ('OLDPWD', '/robot_ws/src/goal_bot/launch'), ('ROS_PYTHON_VERSION', '3'), ('COLCON_PREFIX_PATH', '/robot_ws/install'), ('ROS_DISTRO', 'humble'), ('_', '/usr/bin/colcon'), ('ROS_VERSION', '2'), ('TERM', 'xterm'), ('ROS_LOCALHOST_ONLY', '0'), ('PATH', '/opt/ros/humble/bin:/usr/local/sbin:/usr/local/bin:/usr/sbin:/usr/bin:/sbin:/bin'), ('DISPLAY', ':0'), ('LANG', 'C.UTF-8'), ('AMENT_PREFIX_PATH', '/robot_ws/install/serial_motor_demo:/robot_ws/install/serial_motor_demo_msgs:/robot_ws/install/diffdrive_arduino:/robot_ws/install/serial:/robot_ws/install/goal_bot:/robot_ws/install/create3_teleop:/robot_ws/install/create3_lidar_slam:/robot_ws/install/create3_examples_py:/robot_ws/install/create3_examples_msgs:/opt/ros/humble'), ('PWD', '/robot_ws/src/goal_bot/build/goal_bot'), ('LC_ALL', 'C.UTF-8'), ('PYTHONPATH', '/robot_ws/build/serial_motor_demo:/robot_ws/install/serial_motor_demo/lib/python3.10/site-packages:/robot_ws/install/serial_motor_demo_msgs/local/lib/python3.10/dist-packages:/robot_ws/build/create3_teleop:/robot_ws/install/create3_teleop/lib/python3.10/site-packages:/robot_ws/build/create3_examples_py:/robot_ws/install/create3_examples_py/lib/python3.10/site-packages:/robot_ws/install/create3_examples_msgs/local/lib/python3.10/dist-packages:/opt/ros/humble/lib/python3.10/site-packages:/opt/ros/humble/local/lib/python3.10/dist-packages'), ('COLCON', '1'), ('CMAKE_PREFIX_PATH', '/robot_ws/install/serial_motor_demo_msgs:/robot_ws/install/diffdrive_arduino:/robot_ws/install/serial:/robot_ws/install/goal_bot:/robot_ws/install/create3_lidar_slam:/robot_ws/install/create3_examples_msgs:/robot_ws/install/serial_motor_demo:/robot_ws/install/create3_teleop:/robot_ws/install/create3_examples_py:/opt/ros/humble')]), 'shell': False}
[0.168243] (goal_bot) StdoutLine: {'line': b'-- Install configuration: ""\n'}
[0.168753] (goal_bot) StdoutLine: {'line': b'-- Execute custom install script\n'}
[0.169183] (goal_bot) StdoutLine: {'line': b'-- Up-to-date symlink: /robot_ws/src/goal_bot/install/goal_bot/share/goal_bot/config/drive_bot.rviz\n'}
[0.169297] (goal_bot) StdoutLine: {'line': b'-- Up-to-date symlink: /robot_ws/src/goal_bot/install/goal_bot/share/goal_bot/config/empty.yaml\n'}
[0.169401] (goal_bot) StdoutLine: {'line': b'-- Up-to-date symlink: /robot_ws/src/goal_bot/install/goal_bot/share/goal_bot/config/gazebo_params.yaml\n'}
[0.169501] (goal_bot) StdoutLine: {'line': b'-- Up-to-date symlink: /robot_ws/src/goal_bot/install/goal_bot/share/goal_bot/config/my_controllers.yaml\n'}
[0.169611] (goal_bot) StdoutLine: {'line': b'-- Up-to-date symlink: /robot_ws/src/goal_bot/install/goal_bot/share/goal_bot/config/rplidar_node.yaml\n'}
[0.169722] (goal_bot) StdoutLine: {'line': b'-- Up-to-date symlink: /robot_ws/src/goal_bot/install/goal_bot/share/goal_bot/config/view_bot.rviz\n'}
[0.169989] (goal_bot) StdoutLine: {'line': b'-- Up-to-date symlink: /robot_ws/src/goal_bot/install/goal_bot/share/goal_bot/description/camera.xacro\n'}
[0.170091] (goal_bot) StdoutLine: {'line': b'-- Up-to-date symlink: /robot_ws/src/goal_bot/install/goal_bot/share/goal_bot/description/gazebo_control.xacro\n'}
[0.170190] (goal_bot) StdoutLine: {'line': b'-- Up-to-date symlink: /robot_ws/src/goal_bot/install/goal_bot/share/goal_bot/description/inertial_macros.xacro\n'}
[0.170288] (goal_bot) StdoutLine: {'line': b'-- Up-to-date symlink: /robot_ws/src/goal_bot/install/goal_bot/share/goal_bot/description/lidar.xacro\n'}
[0.170384] (goal_bot) StdoutLine: {'line': b'-- Up-to-date symlink: /robot_ws/src/goal_bot/install/goal_bot/share/goal_bot/description/robot.urdf.xacro\n'}
[0.170480] (goal_bot) StdoutLine: {'line': b'-- Up-to-date symlink: /robot_ws/src/goal_bot/install/goal_bot/share/goal_bot/description/robot_core.xacro\n'}
[0.170576] (goal_bot) StdoutLine: {'line': b'-- Up-to-date symlink: /robot_ws/src/goal_bot/install/goal_bot/share/goal_bot/description/ros2_control.xacro\n'}
[0.170814] (goal_bot) StdoutLine: {'line': b'-- Up-to-date symlink: /robot_ws/src/goal_bot/install/goal_bot/share/goal_bot/launch/camera_launch.py\n'}
[0.170913] (goal_bot) StdoutLine: {'line': b'-- Up-to-date symlink: /robot_ws/src/goal_bot/install/goal_bot/share/goal_bot/launch/launch_robot.launch.py\n'}
[0.171010] (goal_bot) StdoutLine: {'line': b'-- Up-to-date symlink: /robot_ws/src/goal_bot/install/goal_bot/share/goal_bot/launch/launch_sim.launch.py\n'}
[0.171108] (goal_bot) StdoutLine: {'line': b'-- Up-to-date symlink: /robot_ws/src/goal_bot/install/goal_bot/share/goal_bot/launch/rplidar.launch.py\n'}
[0.171205] (goal_bot) StdoutLine: {'line': b'-- Up-to-date symlink: /robot_ws/src/goal_bot/install/goal_bot/share/goal_bot/launch/rsp.launch.py\n'}
[0.171426] (goal_bot) StdoutLine: {'line': b'-- Up-to-date symlink: /robot_ws/src/goal_bot/install/goal_bot/share/goal_bot/worlds/empty.world\n'}
[0.171524] (goal_bot) StdoutLine: {'line': b'-- Up-to-date symlink: /robot_ws/src/goal_bot/install/goal_bot/share/goal_bot/worlds/obstacles\n'}
[0.171621] (goal_bot) StdoutLine: {'line': b'-- Up-to-date symlink: /robot_ws/src/goal_bot/install/goal_bot/share/goal_bot/worlds/obstacles.world\n'}
[0.171716] (goal_bot) StdoutLine: {'line': b'-- Up-to-date symlink: /robot_ws/src/goal_bot/install/goal_bot/share/goal_bot/worlds/sim\n'}
[0.171911] (goal_bot) StdoutLine: {'line': b'-- Up-to-date symlink: /robot_ws/src/goal_bot/install/goal_bot/share/ament_index/resource_index/package_run_dependencies/goal_bot\n'}
[0.172078] (goal_bot) StdoutLine: {'line': b'-- Up-to-date symlink: /robot_ws/src/goal_bot/install/goal_bot/share/ament_index/resource_index/parent_prefix_path/goal_bot\n'}
[0.172263] (goal_bot) StdoutLine: {'line': b'-- Up-to-date symlink: /robot_ws/src/goal_bot/install/goal_bot/share/goal_bot/environment/ament_prefix_path.sh\n'}
[0.172419] (goal_bot) StdoutLine: {'line': b'-- Up-to-date symlink: /robot_ws/src/goal_bot/install/goal_bot/share/goal_bot/environment/ament_prefix_path.dsv\n'}
[0.172584] (goal_bot) StdoutLine: {'line': b'-- Up-to-date symlink: /robot_ws/src/goal_bot/install/goal_bot/share/goal_bot/environment/path.sh\n'}
[0.172735] (goal_bot) StdoutLine: {'line': b'-- Up-to-date symlink: /robot_ws/src/goal_bot/install/goal_bot/share/goal_bot/environment/path.dsv\n'}
[0.172886] (goal_bot) StdoutLine: {'line': b'-- Up-to-date symlink: /robot_ws/src/goal_bot/install/goal_bot/share/goal_bot/local_setup.bash\n'}
[0.173035] (goal_bot) StdoutLine: {'line': b'-- Up-to-date symlink: /robot_ws/src/goal_bot/install/goal_bot/share/goal_bot/local_setup.sh\n'}
[0.173184] (goal_bot) StdoutLine: {'line': b'-- Up-to-date symlink: /robot_ws/src/goal_bot/install/goal_bot/share/goal_bot/local_setup.zsh\n'}
[0.173329] (goal_bot) StdoutLine: {'line': b'-- Up-to-date symlink: /robot_ws/src/goal_bot/install/goal_bot/share/goal_bot/local_setup.dsv\n'}
[0.173442] (goal_bot) StdoutLine: {'line': b'-- Symlinking: /robot_ws/src/goal_bot/install/goal_bot/share/goal_bot/package.dsv\n'}
[0.183873] (goal_bot) StdoutLine: {'line': b'-- Up-to-date symlink: /robot_ws/src/goal_bot/install/goal_bot/share/ament_index/resource_index/packages/goal_bot\n'}
[0.184077] (goal_bot) StdoutLine: {'line': b'-- Up-to-date symlink: /robot_ws/src/goal_bot/install/goal_bot/share/goal_bot/cmake/goal_botConfig.cmake\n'}
[0.184161] (goal_bot) StdoutLine: {'line': b'-- Up-to-date symlink: /robot_ws/src/goal_bot/install/goal_bot/share/goal_bot/cmake/goal_botConfig-version.cmake\n'}
[0.184242] (goal_bot) StdoutLine: {'line': b'-- Up-to-date symlink: /robot_ws/src/goal_bot/install/goal_bot/share/goal_bot/package.xml\n'}
[0.186207] (goal_bot) CommandEnded: {'returncode': 0}
[0.199771] (-) TimerEvent: {}
[0.300237] (-) TimerEvent: {}
[0.307734] (goal_bot) JobEnded: {'identifier': 'goal_bot', 'rc': 0}
[0.308637] (-) EventReactorShutdown: {}
