[0.955s] DEBUG:colcon:Command line arguments: ['/usr/bin/colcon', 'build', '--symlink-install']
[0.956s] DEBUG:colcon:Parsed command line arguments: Namespace(log_base=None, log_level=None, verb_name='build', build_base='build', install_base='install', merge_install=False, symlink_install=True, test_result_base=None, continue_on_error=False, executor='parallel', parallel_workers=4, event_handlers=None, ignore_user_meta=False, metas=['./colcon.meta'], base_paths=['.'], packages_ignore=None, packages_ignore_regex=None, paths=None, packages_up_to=None, packages_up_to_regex=None, packages_above=None, packages_above_and_dependencies=None, packages_above_depth=None, packages_select_by_dep=None, packages_skip_by_dep=None, packages_skip_up_to=None, packages_select_build_failed=False, packages_skip_build_finished=False, packages_select_test_failures=False, packages_skip_test_passed=False, packages_select=None, packages_skip=None, packages_select_regex=None, packages_skip_regex=None, packages_start=None, packages_end=None, cmake_args=None, cmake_target=None, cmake_target_skip_unavailable=False, cmake_clean_cache=False, cmake_clean_first=False, cmake_force_configure=False, ament_cmake_args=None, catkin_cmake_args=None, catkin_skip_building_tests=False, mixin_files=None, mixin=None, verb_parser=<colcon_mixin.mixin.mixin_argument.MixinArgumentDecorator object at 0x7f7fbb5a50>, verb_extension=<colcon_core.verb.build.BuildVerb object at 0x7f7fe64430>, main=<bound method BuildVerb.main of <colcon_core.verb.build.BuildVerb object at 0x7f7fe64430>>, mixin_verb=('build',))
[1.000s] Level 1:colcon.colcon_core.package_discovery:discover_packages(colcon_meta) check parameters
[1.000s] Level 1:colcon.colcon_core.package_discovery:discover_packages(recursive) check parameters
[1.000s] Level 1:colcon.colcon_core.package_discovery:discover_packages(ignore) check parameters
[1.000s] Level 1:colcon.colcon_core.package_discovery:discover_packages(path) check parameters
[1.000s] Level 1:colcon.colcon_core.package_discovery:discover_packages(colcon_meta) discover
[1.000s] Level 1:colcon.colcon_core.package_discovery:discover_packages(recursive) discover
[1.000s] INFO:colcon.colcon_core.package_discovery:Crawling recursively for packages in '/robot_ws/src/goal_bot'
[1.001s] Level 1:colcon.colcon_core.package_identification:_identify(.) by extensions ['ignore', 'ignore_ament_install']
[1.001s] Level 1:colcon.colcon_core.package_identification:_identify(.) by extension 'ignore'
[1.001s] Level 1:colcon.colcon_core.package_identification:_identify(.) by extension 'ignore_ament_install'
[1.001s] Level 1:colcon.colcon_core.package_identification:_identify(.) by extensions ['colcon_pkg']
[1.001s] Level 1:colcon.colcon_core.package_identification:_identify(.) by extension 'colcon_pkg'
[1.001s] Level 1:colcon.colcon_core.package_identification:_identify(.) by extensions ['colcon_meta']
[1.001s] Level 1:colcon.colcon_core.package_identification:_identify(.) by extension 'colcon_meta'
[1.001s] Level 1:colcon.colcon_core.package_identification:_identify(.) by extensions ['ros']
[1.001s] Level 1:colcon.colcon_core.package_identification:_identify(.) by extension 'ros'
[1.019s] DEBUG:colcon.colcon_core.package_identification:Package '.' with type 'ros.ament_cmake' and name 'goal_bot'
[1.020s] Level 1:colcon.colcon_core.package_discovery:discover_packages(recursive) using defaults
[1.020s] Level 1:colcon.colcon_core.package_discovery:discover_packages(ignore) discover
[1.020s] Level 1:colcon.colcon_core.package_discovery:discover_packages(ignore) using defaults
[1.020s] Level 1:colcon.colcon_core.package_discovery:discover_packages(path) discover
[1.020s] Level 1:colcon.colcon_core.package_discovery:discover_packages(path) using defaults
[1.087s] Level 5:colcon.colcon_core.verb:set package 'goal_bot' build argument 'cmake_args' from command line to 'None'
[1.087s] Level 5:colcon.colcon_core.verb:set package 'goal_bot' build argument 'cmake_target' from command line to 'None'
[1.087s] Level 5:colcon.colcon_core.verb:set package 'goal_bot' build argument 'cmake_target_skip_unavailable' from command line to 'False'
[1.087s] Level 5:colcon.colcon_core.verb:set package 'goal_bot' build argument 'cmake_clean_cache' from command line to 'False'
[1.087s] Level 5:colcon.colcon_core.verb:set package 'goal_bot' build argument 'cmake_clean_first' from command line to 'False'
[1.087s] Level 5:colcon.colcon_core.verb:set package 'goal_bot' build argument 'cmake_force_configure' from command line to 'False'
[1.087s] Level 5:colcon.colcon_core.verb:set package 'goal_bot' build argument 'ament_cmake_args' from command line to 'None'
[1.087s] Level 5:colcon.colcon_core.verb:set package 'goal_bot' build argument 'catkin_cmake_args' from command line to 'None'
[1.087s] Level 5:colcon.colcon_core.verb:set package 'goal_bot' build argument 'catkin_skip_building_tests' from command line to 'False'
[1.087s] DEBUG:colcon.colcon_core.verb:Building package 'goal_bot' with the following arguments: {'ament_cmake_args': None, 'build_base': '/robot_ws/src/goal_bot/build/goal_bot', 'catkin_cmake_args': None, 'catkin_skip_building_tests': False, 'cmake_args': None, 'cmake_clean_cache': False, 'cmake_clean_first': False, 'cmake_force_configure': False, 'cmake_target': None, 'cmake_target_skip_unavailable': False, 'install_base': '/robot_ws/src/goal_bot/install/goal_bot', 'merge_install': False, 'path': '/robot_ws/src/goal_bot', 'symlink_install': True, 'test_result_base': None}
[1.097s] INFO:colcon.colcon_core.executor:Executing jobs using 'parallel' executor
[1.108s] DEBUG:colcon.colcon_parallel_executor.executor.parallel:run_until_complete
[1.109s] INFO:colcon.colcon_ros.task.ament_cmake.build:Building ROS package in '/robot_ws/src/goal_bot' with build type 'ament_cmake'
[1.109s] INFO:colcon.colcon_cmake.task.cmake.build:Building CMake package in '/robot_ws/src/goal_bot'
[1.126s] INFO:colcon.colcon_core.plugin_system:Skipping extension 'colcon_core.shell.bat': Not used on non-Windows systems
[1.127s] INFO:colcon.colcon_core.shell:Skip shell extension 'powershell' for command environment: Not usable outside of PowerShell
[1.127s] DEBUG:colcon.colcon_core.shell:Skip shell extension 'dsv' for command environment
[1.174s] DEBUG:colcon.colcon_core.event_handler.log_command:Invoking command in '/robot_ws/src/goal_bot/build/goal_bot': CMAKE_PREFIX_PATH=${CMAKE_PREFIX_PATH}:/robot_ws/install/serial_motor_demo:/robot_ws/install/create3_teleop:/robot_ws/install/create3_examples_py:/opt/ros/humble /usr/bin/cmake --build /robot_ws/src/goal_bot/build/goal_bot -- -j4 -l4
[1.227s] DEBUG:colcon.colcon_core.event_handler.log_command:Invoked command in '/robot_ws/src/goal_bot/build/goal_bot' returned '0': CMAKE_PREFIX_PATH=${CMAKE_PREFIX_PATH}:/robot_ws/install/serial_motor_demo:/robot_ws/install/create3_teleop:/robot_ws/install/create3_examples_py:/opt/ros/humble /usr/bin/cmake --build /robot_ws/src/goal_bot/build/goal_bot -- -j4 -l4
[1.267s] DEBUG:colcon.colcon_core.event_handler.log_command:Invoking command in '/robot_ws/src/goal_bot/build/goal_bot': CMAKE_PREFIX_PATH=${CMAKE_PREFIX_PATH}:/robot_ws/install/serial_motor_demo:/robot_ws/install/create3_teleop:/robot_ws/install/create3_examples_py:/opt/ros/humble /usr/bin/cmake --install /robot_ws/src/goal_bot/build/goal_bot
[1.294s] Level 1:colcon.colcon_core.environment:create_environment_scripts_only(goal_bot)
[1.295s] DEBUG:colcon.colcon_core.event_handler.log_command:Invoked command in '/robot_ws/src/goal_bot/build/goal_bot' returned '0': CMAKE_PREFIX_PATH=${CMAKE_PREFIX_PATH}:/robot_ws/install/serial_motor_demo:/robot_ws/install/create3_teleop:/robot_ws/install/create3_examples_py:/opt/ros/humble /usr/bin/cmake --install /robot_ws/src/goal_bot/build/goal_bot
[1.308s] Level 1:colcon.colcon_core.environment:checking '/robot_ws/src/goal_bot/install/goal_bot' for CMake module files
[1.309s] Level 1:colcon.colcon_core.environment:checking '/robot_ws/src/goal_bot/install/goal_bot' for CMake config files
[1.309s] Level 1:colcon.colcon_core.shell:create_environment_hook('goal_bot', 'cmake_prefix_path')
[1.321s] INFO:colcon.colcon_core.shell:Creating environment hook '/robot_ws/src/goal_bot/install/goal_bot/share/goal_bot/hook/cmake_prefix_path.ps1'
[1.322s] INFO:colcon.colcon_core.shell:Creating environment descriptor '/robot_ws/src/goal_bot/install/goal_bot/share/goal_bot/hook/cmake_prefix_path.dsv'
[1.323s] INFO:colcon.colcon_core.shell:Creating environment hook '/robot_ws/src/goal_bot/install/goal_bot/share/goal_bot/hook/cmake_prefix_path.sh'
[1.324s] Level 1:colcon.colcon_core.environment:checking '/robot_ws/src/goal_bot/install/goal_bot/bin'
[1.324s] Level 1:colcon.colcon_core.environment:checking '/robot_ws/src/goal_bot/install/goal_bot/lib/pkgconfig/goal_bot.pc'
[1.326s] Level 1:colcon.colcon_core.environment:checking '/robot_ws/src/goal_bot/install/goal_bot/lib/python3.10/site-packages'
[1.327s] Level 1:colcon.colcon_core.environment:checking '/robot_ws/src/goal_bot/install/goal_bot/bin'
[1.341s] INFO:colcon.colcon_core.shell:Creating package script '/robot_ws/src/goal_bot/install/goal_bot/share/goal_bot/package.ps1'
[1.343s] INFO:colcon.colcon_core.shell:Creating package descriptor '/robot_ws/src/goal_bot/install/goal_bot/share/goal_bot/package.dsv'
[1.343s] INFO:colcon.colcon_core.shell:Creating package script '/robot_ws/src/goal_bot/install/goal_bot/share/goal_bot/package.sh'
[1.344s] INFO:colcon.colcon_core.shell:Creating package script '/robot_ws/src/goal_bot/install/goal_bot/share/goal_bot/package.bash'
[1.345s] INFO:colcon.colcon_core.shell:Creating package script '/robot_ws/src/goal_bot/install/goal_bot/share/goal_bot/package.zsh'
[1.346s] Level 1:colcon.colcon_core.environment:create_file_with_runtime_dependencies(/robot_ws/src/goal_bot/install/goal_bot/share/colcon-core/packages/goal_bot)
[1.378s] Level 1:colcon.colcon_core.environment:create_environment_scripts_only(goal_bot)
[1.388s] Level 1:colcon.colcon_core.environment:checking '/robot_ws/src/goal_bot/install/goal_bot' for CMake module files
[1.389s] Level 1:colcon.colcon_core.environment:checking '/robot_ws/src/goal_bot/install/goal_bot' for CMake config files
[1.389s] Level 1:colcon.colcon_core.shell:create_environment_hook('goal_bot', 'cmake_prefix_path')
[1.399s] INFO:colcon.colcon_core.shell:Creating environment hook '/robot_ws/src/goal_bot/install/goal_bot/share/goal_bot/hook/cmake_prefix_path.ps1'
[1.400s] INFO:colcon.colcon_core.shell:Creating environment descriptor '/robot_ws/src/goal_bot/install/goal_bot/share/goal_bot/hook/cmake_prefix_path.dsv'
[1.400s] INFO:colcon.colcon_core.shell:Creating environment hook '/robot_ws/src/goal_bot/install/goal_bot/share/goal_bot/hook/cmake_prefix_path.sh'
[1.401s] Level 1:colcon.colcon_core.environment:checking '/robot_ws/src/goal_bot/install/goal_bot/bin'
[1.401s] Level 1:colcon.colcon_core.environment:checking '/robot_ws/src/goal_bot/install/goal_bot/lib/pkgconfig/goal_bot.pc'
[1.401s] Level 1:colcon.colcon_core.environment:checking '/robot_ws/src/goal_bot/install/goal_bot/lib/python3.10/site-packages'
[1.402s] Level 1:colcon.colcon_core.environment:checking '/robot_ws/src/goal_bot/install/goal_bot/bin'
[1.413s] INFO:colcon.colcon_core.shell:Creating package script '/robot_ws/src/goal_bot/install/goal_bot/share/goal_bot/package.ps1'
[1.414s] INFO:colcon.colcon_core.shell:Creating package descriptor '/robot_ws/src/goal_bot/install/goal_bot/share/goal_bot/package.dsv'
[1.414s] INFO:colcon.colcon_core.shell:Creating package script '/robot_ws/src/goal_bot/install/goal_bot/share/goal_bot/package.sh'
[1.415s] INFO:colcon.colcon_core.shell:Creating package script '/robot_ws/src/goal_bot/install/goal_bot/share/goal_bot/package.bash'
[1.415s] INFO:colcon.colcon_core.shell:Creating package script '/robot_ws/src/goal_bot/install/goal_bot/share/goal_bot/package.zsh'
[1.415s] Level 1:colcon.colcon_core.environment:create_file_with_runtime_dependencies(/robot_ws/src/goal_bot/install/goal_bot/share/colcon-core/packages/goal_bot)
[1.416s] DEBUG:colcon.colcon_parallel_executor.executor.parallel:closing loop
[1.416s] DEBUG:colcon.colcon_parallel_executor.executor.parallel:loop closed
[1.416s] DEBUG:colcon.colcon_parallel_executor.executor.parallel:run_until_complete finished with '0'
[1.416s] DEBUG:colcon.colcon_core.event_reactor:joining thread
[1.446s] INFO:colcon.colcon_core.plugin_system:Skipping extension 'colcon_notification.desktop_notification.notify_send': Could not find 'notify-send'
[1.447s] INFO:colcon.colcon_core.plugin_system:Skipping extension 'colcon_notification.desktop_notification.terminal_notifier': Not used on non-Darwin systems
[1.447s] INFO:colcon.colcon_core.plugin_system:Skipping extension 'colcon_notification.desktop_notification.win32': Not used on non-Windows systems
[1.447s] INFO:colcon.colcon_notification.desktop_notification:Sending desktop notification using 'notify2'
[1.450s] DEBUG:colcon.colcon_notification.desktop_notification.notify2:Failed to initialize notify2: org.freedesktop.DBus.Error.Spawn.ExecFailed: /usr/bin/dbus-launch terminated abnormally without any error message
[1.450s] DEBUG:colcon.colcon_core.event_reactor:joined thread
[1.462s] INFO:colcon.colcon_core.shell:Creating prefix script '/robot_ws/src/goal_bot/install/local_setup.ps1'
[1.464s] INFO:colcon.colcon_core.shell:Creating prefix util module '/robot_ws/src/goal_bot/install/_local_setup_util_ps1.py'
[1.465s] INFO:colcon.colcon_core.shell:Creating prefix chain script '/robot_ws/src/goal_bot/install/setup.ps1'
[1.477s] INFO:colcon.colcon_core.shell:Creating prefix script '/robot_ws/src/goal_bot/install/local_setup.sh'
[1.478s] INFO:colcon.colcon_core.shell:Creating prefix util module '/robot_ws/src/goal_bot/install/_local_setup_util_sh.py'
[1.478s] INFO:colcon.colcon_core.shell:Creating prefix chain script '/robot_ws/src/goal_bot/install/setup.sh'
[1.490s] INFO:colcon.colcon_core.shell:Creating prefix script '/robot_ws/src/goal_bot/install/local_setup.bash'
[1.491s] INFO:colcon.colcon_core.shell:Creating prefix chain script '/robot_ws/src/goal_bot/install/setup.bash'
[1.503s] INFO:colcon.colcon_core.shell:Creating prefix script '/robot_ws/src/goal_bot/install/local_setup.zsh'
[1.504s] INFO:colcon.colcon_core.shell:Creating prefix chain script '/robot_ws/src/goal_bot/install/setup.zsh'
